<?xml version="1.0" encoding="UTF-8"?>
<!-- Generated by org.testng.reporters.JUnitXMLReporter -->
<testsuite ignored="0" hostname="Brain-ПК" failures="1" tests="4" name="Cart Functional Test" time="24.989" errors="0" timestamp="13 серп. 2019 16:11:34 GMT">
  <testcase classname="test.TestCartFunctional" name="addProductToCart" time="3.151"/>
  <testcase classname="test.TestCartFunctional" name="deleteProductFromShoppingCart" time="4.755"/>
  <testcase classname="test.TestCartFunctional" name="priceProductFromShoppingCart" time="6.233"/>
  <testcase classname="test.TestCartFunctional" name="wrongAddProductToCart" time="2.813">
    <failure type="java.lang.AssertionError" message="expected [true] but found [false]">
      <![CDATA[java.lang.AssertionError: expected [true] but found [false]
at test.TestCartFunctional.wrongAddProductToCart(TestCartFunctional.java:84)
... Removed 33 stack frames]]>
    </failure>
  </testcase> <!-- wrongAddProductToCart -->
</testsuite> <!-- Cart Functional Test -->
