<!DOCTYPE html PUBLIC "-//W3C//DTD XHTML 1.1//EN" "http://www.w3.org/TR/xhtml11/DTD/xhtml11.dtd">
<html xmlns="http://www.w3.org/1999/xhtml">
<head>
<meta http-equiv="content-type" content="text/html; charset=UTF-8"/>
<title>TestNG Report</title>
<style type="text/css">table {margin-bottom:10px;border-collapse:collapse;empty-cells:show}th,td {border:1px solid #009;padding:.25em .5em}th {vertical-align:bottom}td {vertical-align:top}table a {font-weight:bold}.stripe td {background-color: #E6EBF9}.num {text-align:right}.passedodd td {background-color: #3F3}.passedeven td {background-color: #0A0}.skippedodd td {background-color: #DDD}.skippedeven td {background-color: #CCC}.failedodd td,.attn {background-color: #F33}.failedeven td,.stripe .attn {background-color: #D00}.stacktrace {white-space:pre;font-family:monospace}.totop {font-size:85%;text-align:center;border-bottom:2px solid #000}.invisible {display:none}</style>
</head>
<body>
<table>
<tr><th>Test</th><th># Passed</th><th># Skipped</th><th># Failed</th><th>Time (ms)</th><th>Included Groups</th><th>Excluded Groups</th></tr>
<tr><th colspan="7">PrestashopTest</th></tr>
<tr><td><a href="#t0">Currency TEst</a></td><td class="num">4</td><td class="num">0</td><td class="num attn">2</td><td class="num">33 450</td><td></td><td></td></tr>
<tr class="stripe"><td><a href="#t1">Search Test</a></td><td class="num">4</td><td class="num">0</td><td class="num attn">1</td><td class="num">14 843</td><td></td><td></td></tr>
<tr><td><a href="#t2">Horizontal And Vertical Menu Test</a></td><td class="num">5</td><td class="num">0</td><td class="num">0</td><td class="num">14 810</td><td></td><td></td></tr>
<tr class="stripe"><td><a href="#t3">Cart Functional Test</a></td><td class="num">3</td><td class="num">0</td><td class="num attn">1</td><td class="num">24 934</td><td></td><td></td></tr>
<tr><th>Total</th><th class="num">16</th><th class="num">0</th><th class="num attn">4</th><th class="num">88 037</th><th colspan="2"></th></tr>
</table>
<table id='summary'><thead><tr><th>Class</th><th>Method</th><th>Start</th><th>Time (ms)</th></tr></thead><tbody><tr><th colspan="4">PrestashopTest</th></tr></tbody><tbody id="t0"><tr><th colspan="4">Currency TEst &#8212; failed</th></tr><tr class="failedeven"><td rowspan="2">test.AllureTestCurrency</td><td><a href="#m0">checkExchangeCurrencyUsdToEu</a></td><td rowspan="1">1565711379703</td><td rowspan="1">6339</td></tr><tr class="failedeven"><td><a href="#m1">checkExchangeCurrencyUsdToUa</a></td><td rowspan="1">1565711374122</td><td rowspan="1">4854</td></tr><tr><th colspan="4">Currency TEst &#8212; passed</th></tr><tr class="passedeven"><td rowspan="4">test.AllureTestCurrency</td><td><a href="#m2">checkCurrency</a></td><td rowspan="3">1565711367274</td><td rowspan="3">2084</td></tr><tr class="passedeven"><td><a href="#m3">checkCurrency</a></td></tr><tr class="passedeven"><td><a href="#m4">checkCurrency</a></td></tr><tr class="passedeven"><td><a href="#m5">checkCurrencyForOneElement</a></td><td rowspan="1">1565711369726</td><td rowspan="1">4078</td></tr></tbody>
<tbody id="t1"><tr><th colspan="4">Search Test &#8212; failed</th></tr><tr class="failedeven"><td rowspan="1">test.TestSearch</td><td><a href="#m6">TestSearchResultSortAZNotWork</a></td><td rowspan="1">1565711398852</td><td rowspan="1">1088</td></tr><tr><th colspan="4">Search Test &#8212; passed</th></tr><tr class="passedeven"><td rowspan="4">test.TestSearch</td><td><a href="#m7">TestElementsInSearch</a></td><td rowspan="1">1565711394647</td><td rowspan="1">1505</td></tr><tr class="passedeven"><td><a href="#m8">TestEmptyPage</a></td><td rowspan="1">1565711396490</td><td rowspan="1">518</td></tr><tr class="passedeven"><td><a href="#m9">TestSearchResultSortAZ</a></td><td rowspan="1">1565711397349</td><td rowspan="1">804</td></tr><tr class="passedeven"><td><a href="#m10">TetsAfterSearch</a></td><td rowspan="1">1565711400580</td><td rowspan="1">665</td></tr></tbody>
<tbody id="t2"><tr><th colspan="4">Horizontal And Vertical Menu Test &#8212; passed</th></tr><tr class="passedeven"><td rowspan="5">test.HorizontalAndVerticalTest</td><td><a href="#m11">checkAccessories</a></td><td rowspan="1">1565711412625</td><td rowspan="1">900</td></tr><tr class="passedeven"><td><a href="#m12">checkArt</a></td><td rowspan="1">1565711415357</td><td rowspan="1">693</td></tr><tr class="passedeven"><td><a href="#m13">checkClothes</a></td><td rowspan="1">1565711408743</td><td rowspan="1">1044</td></tr><tr class="passedeven"><td><a href="#m14">checkMenClothes</a></td><td rowspan="1">1565711410381</td><td rowspan="1">1668</td></tr><tr class="passedeven"><td><a href="#m15">checkStationeryAccessories</a></td><td rowspan="1">1565711414128</td><td rowspan="1">676</td></tr></tbody>
<tbody id="t3"><tr><th colspan="4">Cart Functional Test &#8212; failed</th></tr><tr class="failedeven"><td rowspan="1">test.TestCartFunctional</td><td><a href="#m16">wrongAddProductToCart</a></td><td rowspan="1">1565711437942</td><td rowspan="1">2767</td></tr><tr><th colspan="4">Cart Functional Test &#8212; passed</th></tr><tr class="passedeven"><td rowspan="3">test.TestCartFunctional</td><td><a href="#m17">addProductToCart</a></td><td rowspan="1">1565711423031</td><td rowspan="1">3253</td></tr><tr class="passedeven"><td><a href="#m18">deleteProductFromShoppingCart</a></td><td rowspan="1">1565711426736</td><td rowspan="1">4694</td></tr><tr class="passedeven"><td><a href="#m19">priceProductFromShoppingCart</a></td><td rowspan="1">1565711431754</td><td rowspan="1">5818</td></tr></tbody>
</table>
<h2>Currency TEst</h2><h3 id="m0">test.AllureTestCurrency#checkExchangeCurrencyUsdToEu</h3><table class="result"><tr><th>Exception</th></tr><tr><td><div class="stacktrace">java.lang.AssertionError: expected [15.3] but found [0.0]
	at test.AllureTestCurrency.checkExchangeCurrencyUsdToEu(AllureTestCurrency.java:114)
... Removed 34 stack frames</div></td></tr></table><p class="totop"><a href="#summary">back to summary</a></p>
<h3 id="m1">test.AllureTestCurrency#checkExchangeCurrencyUsdToUa</h3><table class="result"><tr><th>Exception</th></tr><tr><td><div class="stacktrace">java.lang.AssertionError: expected [495.21] but found [544.92]
	at test.AllureTestCurrency.checkExchangeCurrencyUsdToUa(AllureTestCurrency.java:85)
... Removed 34 stack frames</div></td></tr></table><p class="totop"><a href="#summary">back to summary</a></p>
<h3 id="m2">test.AllureTestCurrency#checkCurrency</h3><table class="result"><tr class="param"><th>Parameter #1</th><th>Parameter #2</th></tr><tr class="param stripe"><td>US DOLLAR</td><td>US Dollar</td></tr></table><p class="totop"><a href="#summary">back to summary</a></p>
<h3 id="m3">test.AllureTestCurrency#checkCurrency</h3><table class="result"><tr class="param"><th>Parameter #1</th><th>Parameter #2</th></tr><tr class="param stripe"><td>Euro</td><td>Euro</td></tr></table><p class="totop"><a href="#summary">back to summary</a></p>
<h3 id="m4">test.AllureTestCurrency#checkCurrency</h3><table class="result"><tr class="param"><th>Parameter #1</th><th>Parameter #2</th></tr><tr class="param stripe"><td>Ukrainian Hryvnia</td><td>Ukrainian Hryvnia</td></tr></table><p class="totop"><a href="#summary">back to summary</a></p>
<h3 id="m5">test.AllureTestCurrency#checkCurrencyForOneElement</h3><table class="result"><tr><th class="invisible"/></tr></table><p class="totop"><a href="#summary">back to summary</a></p>
<h2>Search Test</h2><h3 id="m6">test.TestSearch#TestSearchResultSortAZNotWork</h3><table class="result"><tr><th>Exception</th></tr><tr><td><div class="stacktrace">java.lang.AssertionError: Lists differ at element [0]: Customizable Mug != Pack Mug + Framed Poster expected [Customizable Mug] but found [Pack Mug + Framed Poster]
	at test.TestSearch.TestSearchResultSortAZNotWork(TestSearch.java:144)
... Removed 34 stack frames</div></td></tr></table><p class="totop"><a href="#summary">back to summary</a></p>
<h3 id="m7">test.TestSearch#TestElementsInSearch</h3><table class="result"><tr><th class="invisible"/></tr></table><p class="totop"><a href="#summary">back to summary</a></p>
<h3 id="m8">test.TestSearch#TestEmptyPage</h3><table class="result"><tr><th class="invisible"/></tr></table><p class="totop"><a href="#summary">back to summary</a></p>
<h3 id="m9">test.TestSearch#TestSearchResultSortAZ</h3><table class="result"><tr><th class="invisible"/></tr></table><p class="totop"><a href="#summary">back to summary</a></p>
<h3 id="m10">test.TestSearch#TetsAfterSearch</h3><table class="result"><tr><th class="invisible"/></tr></table><p class="totop"><a href="#summary">back to summary</a></p>
<h2>Horizontal And Vertical Menu Test</h2><h3 id="m11">test.HorizontalAndVerticalTest#checkAccessories</h3><table class="result"><tr><th class="invisible"/></tr></table><p class="totop"><a href="#summary">back to summary</a></p>
<h3 id="m12">test.HorizontalAndVerticalTest#checkArt</h3><table class="result"><tr><th class="invisible"/></tr></table><p class="totop"><a href="#summary">back to summary</a></p>
<h3 id="m13">test.HorizontalAndVerticalTest#checkClothes</h3><table class="result"><tr><th class="invisible"/></tr></table><p class="totop"><a href="#summary">back to summary</a></p>
<h3 id="m14">test.HorizontalAndVerticalTest#checkMenClothes</h3><table class="result"><tr><th class="invisible"/></tr></table><p class="totop"><a href="#summary">back to summary</a></p>
<h3 id="m15">test.HorizontalAndVerticalTest#checkStationeryAccessories</h3><table class="result"><tr><th class="invisible"/></tr></table><p class="totop"><a href="#summary">back to summary</a></p>
<h2>Cart Functional Test</h2><h3 id="m16">test.TestCartFunctional#wrongAddProductToCart</h3><table class="result"><tr><th>Exception</th></tr><tr><td><div class="stacktrace">java.lang.AssertionError: expected [true] but found [false]
	at test.TestCartFunctional.wrongAddProductToCart(TestCartFunctional.java:84)
... Removed 33 stack frames</div></td></tr></table><p class="totop"><a href="#summary">back to summary</a></p>
<h3 id="m17">test.TestCartFunctional#addProductToCart</h3><table class="result"><tr><th class="invisible"/></tr></table><p class="totop"><a href="#summary">back to summary</a></p>
<h3 id="m18">test.TestCartFunctional#deleteProductFromShoppingCart</h3><table class="result"><tr><th class="invisible"/></tr></table><p class="totop"><a href="#summary">back to summary</a></p>
<h3 id="m19">test.TestCartFunctional#priceProductFromShoppingCart</h3><table class="result"><tr><th class="invisible"/></tr></table><p class="totop"><a href="#summary">back to summary</a></p>
</body>
</html>
